mode: set
anti-fraud/transaction-service/manager/v1/init.go:26.216,29.2 1 0
anti-fraud/transaction-service/manager/v1/init.go:31.38,39.2 6 0
anti-fraud/transaction-service/mapper/v1/core_mapper.go:8.157,14.2 1 0
anti-fraud/transaction-service/mapper/v1/db_mapper.go:8.121,14.2 1 0
anti-fraud/transaction-service/mapper/v1/http_mapper.go:8.130,16.2 1 0
anti-fraud/transaction-service/entity/db/v1/entities.go:16.39,18.2 1 0
anti-fraud/transaction-service/routes/v1/route.go:17.186,20.2 1 0
anti-fraud/transaction-service/routes/v1/route.go:22.41,26.2 2 0
anti-fraud/transaction-service/entity/http/v1/request.go:11.72,12.41 1 0
anti-fraud/transaction-service/entity/http/v1/request.go:12.41,14.3 1 0
anti-fraud/transaction-service/entity/http/v1/request.go:15.2,15.47 1 0
anti-fraud/transaction-service/entity/http/v1/request.go:15.47,17.3 1 0
anti-fraud/transaction-service/entity/http/v1/request.go:18.2,18.40 1 0
anti-fraud/transaction-service/entity/http/v1/request.go:18.40,20.3 1 0
anti-fraud/transaction-service/entity/http/v1/request.go:21.2,21.12 1 0
anti-fraud/transaction-service/controllers/v1/controller.go:27.174,29.2 1 1
anti-fraud/transaction-service/controllers/v1/controller.go:31.100,37.16 4 1
anti-fraud/transaction-service/controllers/v1/controller.go:37.16,41.3 3 1
anti-fraud/transaction-service/controllers/v1/controller.go:44.2,45.16 2 1
anti-fraud/transaction-service/controllers/v1/controller.go:45.16,49.3 3 1
anti-fraud/transaction-service/controllers/v1/controller.go:52.2,57.16 4 1
anti-fraud/transaction-service/controllers/v1/controller.go:57.16,61.3 3 1
anti-fraud/transaction-service/controllers/v1/controller.go:64.2,64.42 1 1
anti-fraud/transaction-service/controllers/v1/controller.go:64.42,68.3 3 1
anti-fraud/transaction-service/controllers/v1/controller.go:70.2,78.37 4 1
anti-fraud/transaction-service/entity/db/v1/entities.go:16.39,18.2 1 0
anti-fraud/transaction-service/entity/http/v1/request.go:11.72,12.41 1 1
anti-fraud/transaction-service/entity/http/v1/request.go:12.41,14.3 1 0
anti-fraud/transaction-service/entity/http/v1/request.go:15.2,15.47 1 1
anti-fraud/transaction-service/entity/http/v1/request.go:15.47,17.3 1 1
anti-fraud/transaction-service/entity/http/v1/request.go:18.2,18.40 1 1
anti-fraud/transaction-service/entity/http/v1/request.go:18.40,20.3 1 0
anti-fraud/transaction-service/entity/http/v1/request.go:21.2,21.12 1 1
anti-fraud/transaction-service/mapper/v1/core_mapper.go:8.157,14.2 1 1
anti-fraud/transaction-service/mapper/v1/db_mapper.go:8.121,14.2 1 0
anti-fraud/transaction-service/mapper/v1/http_mapper.go:8.130,16.2 1 1
anti-fraud/transaction-service/entity/db/v1/entities.go:16.39,18.2 1 1
anti-fraud/transaction-service/repository/v1/repository.go:19.77,21.2 1 1
anti-fraud/transaction-service/repository/v1/repository.go:23.117,27.2 3 1
anti-fraud/transaction-service/core/v1/core.go:31.222,33.2 1 1
anti-fraud/transaction-service/core/v1/core.go:37.120,40.16 2 1
anti-fraud/transaction-service/core/v1/core.go:40.16,42.3 1 1
anti-fraud/transaction-service/core/v1/core.go:44.2,44.48 1 1
anti-fraud/transaction-service/core/v1/core.go:49.84,52.16 2 1
anti-fraud/transaction-service/core/v1/core.go:52.16,54.3 1 1
anti-fraud/transaction-service/core/v1/core.go:55.2,55.21 1 1
anti-fraud/transaction-service/core/v1/core.go:55.21,57.3 1 1
anti-fraud/transaction-service/core/v1/core.go:58.2,58.12 1 1
anti-fraud/transaction-service/core/v1/core.go:61.167,66.16 3 1
anti-fraud/transaction-service/core/v1/core.go:66.16,68.3 1 1
anti-fraud/transaction-service/core/v1/core.go:69.2,73.16 3 1
anti-fraud/transaction-service/core/v1/core.go:73.16,75.3 1 1
anti-fraud/transaction-service/core/v1/core.go:76.2,80.25 3 1
anti-fraud/transaction-service/entity/db/v1/entities.go:16.39,18.2 1 0
anti-fraud/transaction-service/entity/http/v1/request.go:11.72,12.41 1 0
anti-fraud/transaction-service/entity/http/v1/request.go:12.41,14.3 1 0
anti-fraud/transaction-service/entity/http/v1/request.go:15.2,15.47 1 0
anti-fraud/transaction-service/entity/http/v1/request.go:15.47,17.3 1 0
anti-fraud/transaction-service/entity/http/v1/request.go:18.2,18.40 1 0
anti-fraud/transaction-service/entity/http/v1/request.go:18.40,20.3 1 0
anti-fraud/transaction-service/entity/http/v1/request.go:21.2,21.12 1 0
anti-fraud/transaction-service/mapper/v1/core_mapper.go:8.157,14.2 1 0
anti-fraud/transaction-service/mapper/v1/db_mapper.go:8.121,14.2 1 1
anti-fraud/transaction-service/mapper/v1/http_mapper.go:8.130,16.2 1 0
